ARM GAS  C:\Users\fiona\AppData\Local\Temp\ccVIaRgi.s 			page 1


   1              		.syntax unified
   2              		.cpu cortex-m3
   3              		.fpu softvfp
   4              		.eabi_attribute 20, 1
   5              		.eabi_attribute 21, 1
   6              		.eabi_attribute 23, 3
   7              		.eabi_attribute 24, 1
   8              		.eabi_attribute 25, 1
   9              		.eabi_attribute 26, 1
  10              		.eabi_attribute 30, 1
  11              		.eabi_attribute 34, 1
  12              		.eabi_attribute 18, 4
  13              		.thumb
  14              		.syntax unified
  15              		.file	"main.c"
  16              		.text
  17              	.Ltext0:
  18              		.cfi_sections	.debug_frame
  19              		.section	.text.main,"ax",%progbits
  20              		.align	2
  21              		.global	main
  22              		.thumb
  23              		.thumb_func
  24              		.type	main, %function
  25              	main:
  26              	.LFB63:
  27              		.file 1 "main.c"
   1:main.c        **** /* Node-Rhinoceros
   2:main.c        **** 	 Charger board FRUCD
   3:main.c        **** 	Simply prints BMS statuses to LCD
   4:main.c        ****  */
   5:main.c        **** 
   6:main.c        **** #include <project.h>
   7:main.c        **** #include "data.h"
   8:main.c        **** #include "can_manager.h"
   9:main.c        **** #include "lcd_manager.h"
  10:main.c        **** 
  11:main.c        **** // declared external in can_manager.c
  12:main.c        **** volatile uint32_t voltage = 0;
  13:main.c        **** volatile uint8_t charge = 0;
  14:main.c        **** volatile uint32_t amps = 0;
  15:main.c        **** 
  16:main.c        **** int main(void) {
  28              		.loc 1 16 0
  29              		.cfi_startproc
  30              		@ args = 0, pretend = 0, frame = 0
  31              		@ frame_needed = 0, uses_anonymous_args = 0
  32 0000 10B5     		push	{r4, lr}
  33              		.cfi_def_cfa_offset 8
  34              		.cfi_offset 4, -8
  35              		.cfi_offset 14, -4
  17:main.c        **** 	CYGlobalIntEnable;      //Uncomment this line to enable global interrupts 
  36              		.loc 1 17 0
  37              		.syntax unified
  38              	@ 17 "main.c" 1
  39 0002 62B6     		CPSIE   i
  40              	@ 0 "" 2
ARM GAS  C:\Users\fiona\AppData\Local\Temp\ccVIaRgi.s 			page 2


  18:main.c        **** 
  19:main.c        **** 	uint8_t atomic_state = CyEnterCriticalSection(); // BEGIN ATOMIC
  41              		.loc 1 19 0
  42              		.thumb
  43              		.syntax unified
  44 0004 FFF7FEFF 		bl	CyEnterCriticalSection
  45              	.LVL0:
  46 0008 0446     		mov	r4, r0
  47              	.LVL1:
  20:main.c        **** 	can_init();
  48              		.loc 1 20 0
  49 000a FFF7FEFF 		bl	can_init
  50              	.LVL2:
  21:main.c        **** 	lcd_init();
  51              		.loc 1 21 0
  52 000e FFF7FEFF 		bl	lcd_init
  53              	.LVL3:
  22:main.c        ****     lcd_print_bms();
  54              		.loc 1 22 0
  55 0012 FFF7FEFF 		bl	lcd_print_bms
  56              	.LVL4:
  23:main.c        **** 	CyDelay(10);				//give some time to finish setup
  57              		.loc 1 23 0
  58 0016 0A20     		movs	r0, #10
  59 0018 FFF7FEFF 		bl	CyDelay
  60              	.LVL5:
  24:main.c        **** 	CyExitCriticalSection(atomic_state);               // END ATOMIC
  61              		.loc 1 24 0
  62 001c 2046     		mov	r0, r4
  63 001e FFF7FEFF 		bl	CyExitCriticalSection
  64              	.LVL6:
  65              	.L2:
  66 0022 FEE7     		b	.L2
  67              		.cfi_endproc
  68              	.LFE63:
  69              		.size	main, .-main
  70              		.section	.text.msg_recieve,"ax",%progbits
  71              		.align	2
  72              		.global	msg_recieve
  73              		.thumb
  74              		.thumb_func
  75              		.type	msg_recieve, %function
  76              	msg_recieve:
  77              	.LFB64:
  25:main.c        **** 	
  26:main.c        **** 	for(;;)	{
  27:main.c        ****         
  28:main.c        ****                     
  29:main.c        **** 	} // main loop
  30:main.c        **** 
  31:main.c        **** 	return 0;
  32:main.c        **** } // main()
  33:main.c        **** 
  34:main.c        **** void msg_recieve(DataPacket * msg) {
  78              		.loc 1 34 0
  79              		.cfi_startproc
  80              		@ args = 0, pretend = 0, frame = 0
ARM GAS  C:\Users\fiona\AppData\Local\Temp\ccVIaRgi.s 			page 3


  81              		@ frame_needed = 0, uses_anonymous_args = 0
  82              	.LVL7:
  83 0000 08B5     		push	{r3, lr}
  84              		.cfi_def_cfa_offset 8
  85              		.cfi_offset 3, -8
  86              		.cfi_offset 14, -4
  35:main.c        **** 	can_process(msg);
  87              		.loc 1 35 0
  88 0002 FFF7FEFF 		bl	can_process
  89              	.LVL8:
  90 0006 08BD     		pop	{r3, pc}
  91              		.cfi_endproc
  92              	.LFE64:
  93              		.size	msg_recieve, .-msg_recieve
  94              		.global	amps
  95              		.global	charge
  96              		.global	voltage
  97              		.bss
  98              		.align	2
  99              		.type	amps, %object
 100              		.size	amps, 4
 101              	amps:
 102 0000 00000000 		.space	4
 103              		.type	charge, %object
 104              		.size	charge, 1
 105              	charge:
 106 0004 00       		.space	1
 107 0005 000000   		.space	3
 108              		.type	voltage, %object
 109              		.size	voltage, 4
 110              	voltage:
 111 0008 00000000 		.space	4
 112              		.text
 113              	.Letext0:
 114              		.file 2 "c:\\program files (x86)\\cypress\\psoc creator\\4.2\\psoc creator\\import\\gnu\\arm\\5.4.
 115              		.file 3 "c:\\program files (x86)\\cypress\\psoc creator\\4.2\\psoc creator\\import\\gnu\\arm\\5.4.
 116              		.file 4 "data.h"
 117              		.file 5 "Generated_Source\\PSoC5/core_cm3.h"
 118              		.file 6 "Generated_Source\\PSoC5/CyLib.h"
 119              		.file 7 "can_manager.h"
 120              		.file 8 "lcd_manager.h"
 121              		.section	.debug_info,"",%progbits
 122              	.Ldebug_info0:
 123 0000 7B020000 		.4byte	0x27b
 124 0004 0400     		.2byte	0x4
 125 0006 00000000 		.4byte	.Ldebug_abbrev0
 126 000a 04       		.byte	0x4
 127 000b 01       		.uleb128 0x1
 128 000c 5D000000 		.4byte	.LASF37
 129 0010 0C       		.byte	0xc
 130 0011 22020000 		.4byte	.LASF38
 131 0015 5E010000 		.4byte	.LASF39
 132 0019 00000000 		.4byte	.Ldebug_ranges0+0
 133 001d 00000000 		.4byte	0
 134 0021 00000000 		.4byte	.Ldebug_line0
 135 0025 02       		.uleb128 0x2
 136 0026 01       		.byte	0x1
ARM GAS  C:\Users\fiona\AppData\Local\Temp\ccVIaRgi.s 			page 4


 137 0027 06       		.byte	0x6
 138 0028 70020000 		.4byte	.LASF0
 139 002c 03       		.uleb128 0x3
 140 002d 09000000 		.4byte	.LASF3
 141 0031 02       		.byte	0x2
 142 0032 1D       		.byte	0x1d
 143 0033 37000000 		.4byte	0x37
 144 0037 02       		.uleb128 0x2
 145 0038 01       		.byte	0x1
 146 0039 08       		.byte	0x8
 147 003a 4F000000 		.4byte	.LASF1
 148 003e 02       		.uleb128 0x2
 149 003f 02       		.byte	0x2
 150 0040 05       		.byte	0x5
 151 0041 99010000 		.4byte	.LASF2
 152 0045 03       		.uleb128 0x3
 153 0046 53010000 		.4byte	.LASF4
 154 004a 02       		.byte	0x2
 155 004b 2B       		.byte	0x2b
 156 004c 50000000 		.4byte	0x50
 157 0050 02       		.uleb128 0x2
 158 0051 02       		.byte	0x2
 159 0052 07       		.byte	0x7
 160 0053 1F010000 		.4byte	.LASF5
 161 0057 03       		.uleb128 0x3
 162 0058 1A000000 		.4byte	.LASF6
 163 005c 02       		.byte	0x2
 164 005d 3F       		.byte	0x3f
 165 005e 62000000 		.4byte	0x62
 166 0062 02       		.uleb128 0x2
 167 0063 04       		.byte	0x4
 168 0064 05       		.byte	0x5
 169 0065 5B020000 		.4byte	.LASF7
 170 0069 03       		.uleb128 0x3
 171 006a F9000000 		.4byte	.LASF8
 172 006e 02       		.byte	0x2
 173 006f 41       		.byte	0x41
 174 0070 74000000 		.4byte	0x74
 175 0074 02       		.uleb128 0x2
 176 0075 04       		.byte	0x4
 177 0076 07       		.byte	0x7
 178 0077 04010000 		.4byte	.LASF9
 179 007b 02       		.uleb128 0x2
 180 007c 08       		.byte	0x8
 181 007d 05       		.byte	0x5
 182 007e 14020000 		.4byte	.LASF10
 183 0082 02       		.uleb128 0x2
 184 0083 08       		.byte	0x8
 185 0084 07       		.byte	0x7
 186 0085 E4010000 		.4byte	.LASF11
 187 0089 04       		.uleb128 0x4
 188 008a 04       		.byte	0x4
 189 008b 05       		.byte	0x5
 190 008c 696E7400 		.ascii	"int\000"
 191 0090 02       		.uleb128 0x2
 192 0091 04       		.byte	0x4
 193 0092 07       		.byte	0x7
ARM GAS  C:\Users\fiona\AppData\Local\Temp\ccVIaRgi.s 			page 5


 194 0093 CC010000 		.4byte	.LASF12
 195 0097 03       		.uleb128 0x3
 196 0098 FB010000 		.4byte	.LASF13
 197 009c 03       		.byte	0x3
 198 009d 18       		.byte	0x18
 199 009e 2C000000 		.4byte	0x2c
 200 00a2 03       		.uleb128 0x3
 201 00a3 2E020000 		.4byte	.LASF14
 202 00a7 03       		.byte	0x3
 203 00a8 24       		.byte	0x24
 204 00a9 45000000 		.4byte	0x45
 205 00ad 03       		.uleb128 0x3
 206 00ae 03020000 		.4byte	.LASF15
 207 00b2 03       		.byte	0x3
 208 00b3 2C       		.byte	0x2c
 209 00b4 57000000 		.4byte	0x57
 210 00b8 03       		.uleb128 0x3
 211 00b9 52020000 		.4byte	.LASF16
 212 00bd 03       		.byte	0x3
 213 00be 30       		.byte	0x30
 214 00bf 69000000 		.4byte	0x69
 215 00c3 02       		.uleb128 0x2
 216 00c4 04       		.byte	0x4
 217 00c5 04       		.byte	0x4
 218 00c6 44000000 		.4byte	.LASF17
 219 00ca 02       		.uleb128 0x2
 220 00cb 08       		.byte	0x8
 221 00cc 04       		.byte	0x4
 222 00cd 30000000 		.4byte	.LASF18
 223 00d1 02       		.uleb128 0x2
 224 00d2 01       		.byte	0x1
 225 00d3 08       		.byte	0x8
 226 00d4 29020000 		.4byte	.LASF19
 227 00d8 02       		.uleb128 0x2
 228 00d9 08       		.byte	0x8
 229 00da 04       		.byte	0x4
 230 00db 64020000 		.4byte	.LASF20
 231 00df 02       		.uleb128 0x2
 232 00e0 04       		.byte	0x4
 233 00e1 07       		.byte	0x7
 234 00e2 0B020000 		.4byte	.LASF21
 235 00e6 05       		.uleb128 0x5
 236 00e7 B8000000 		.4byte	0xb8
 237 00eb 05       		.uleb128 0x5
 238 00ec 97000000 		.4byte	0x97
 239 00f0 06       		.uleb128 0x6
 240 00f1 10       		.byte	0x10
 241 00f2 04       		.byte	0x4
 242 00f3 08       		.byte	0x8
 243 00f4 28010000 		.4byte	0x128
 244 00f8 07       		.uleb128 0x7
 245 00f9 37000000 		.4byte	.LASF22
 246 00fd 04       		.byte	0x4
 247 00fe 09       		.byte	0x9
 248 00ff B8000000 		.4byte	0xb8
 249 0103 00       		.byte	0
 250 0104 08       		.uleb128 0x8
ARM GAS  C:\Users\fiona\AppData\Local\Temp\ccVIaRgi.s 			page 6


 251 0105 696400   		.ascii	"id\000"
 252 0108 04       		.byte	0x4
 253 0109 0A       		.byte	0xa
 254 010a A2000000 		.4byte	0xa2
 255 010e 04       		.byte	0x4
 256 010f 07       		.uleb128 0x7
 257 0110 7C020000 		.4byte	.LASF23
 258 0114 04       		.byte	0x4
 259 0115 0B       		.byte	0xb
 260 0116 97000000 		.4byte	0x97
 261 011a 06       		.byte	0x6
 262 011b 07       		.uleb128 0x7
 263 011c 4A000000 		.4byte	.LASF24
 264 0120 04       		.byte	0x4
 265 0121 0C       		.byte	0xc
 266 0122 28010000 		.4byte	0x128
 267 0126 07       		.byte	0x7
 268 0127 00       		.byte	0
 269 0128 09       		.uleb128 0x9
 270 0129 97000000 		.4byte	0x97
 271 012d 38010000 		.4byte	0x138
 272 0131 0A       		.uleb128 0xa
 273 0132 DF000000 		.4byte	0xdf
 274 0136 07       		.byte	0x7
 275 0137 00       		.byte	0
 276 0138 03       		.uleb128 0x3
 277 0139 D9010000 		.4byte	.LASF25
 278 013d 04       		.byte	0x4
 279 013e 0D       		.byte	0xd
 280 013f F0000000 		.4byte	0xf0
 281 0143 0B       		.uleb128 0xb
 282 0144 B0010000 		.4byte	.LASF40
 283 0148 01       		.byte	0x1
 284 0149 10       		.byte	0x10
 285 014a 89000000 		.4byte	0x89
 286 014e 00000000 		.4byte	.LFB63
 287 0152 24000000 		.4byte	.LFE63-.LFB63
 288 0156 01       		.uleb128 0x1
 289 0157 9C       		.byte	0x9c
 290 0158 B1010000 		.4byte	0x1b1
 291 015c 0C       		.uleb128 0xc
 292 015d A3010000 		.4byte	.LASF41
 293 0161 01       		.byte	0x1
 294 0162 13       		.byte	0x13
 295 0163 97000000 		.4byte	0x97
 296 0167 01       		.uleb128 0x1
 297 0168 54       		.byte	0x54
 298 0169 0D       		.uleb128 0xd
 299 016a 08000000 		.4byte	.LVL0
 300 016e 31020000 		.4byte	0x231
 301 0172 0D       		.uleb128 0xd
 302 0173 0E000000 		.4byte	.LVL2
 303 0177 3C020000 		.4byte	0x23c
 304 017b 0D       		.uleb128 0xd
 305 017c 12000000 		.4byte	.LVL3
 306 0180 47020000 		.4byte	0x247
 307 0184 0D       		.uleb128 0xd
ARM GAS  C:\Users\fiona\AppData\Local\Temp\ccVIaRgi.s 			page 7


 308 0185 16000000 		.4byte	.LVL4
 309 0189 52020000 		.4byte	0x252
 310 018d 0E       		.uleb128 0xe
 311 018e 1C000000 		.4byte	.LVL5
 312 0192 5D020000 		.4byte	0x25d
 313 0196 A0010000 		.4byte	0x1a0
 314 019a 0F       		.uleb128 0xf
 315 019b 01       		.uleb128 0x1
 316 019c 50       		.byte	0x50
 317 019d 01       		.uleb128 0x1
 318 019e 3A       		.byte	0x3a
 319 019f 00       		.byte	0
 320 01a0 10       		.uleb128 0x10
 321 01a1 22000000 		.4byte	.LVL6
 322 01a5 68020000 		.4byte	0x268
 323 01a9 0F       		.uleb128 0xf
 324 01aa 01       		.uleb128 0x1
 325 01ab 50       		.byte	0x50
 326 01ac 02       		.uleb128 0x2
 327 01ad 74       		.byte	0x74
 328 01ae 00       		.sleb128 0
 329 01af 00       		.byte	0
 330 01b0 00       		.byte	0
 331 01b1 11       		.uleb128 0x11
 332 01b2 24000000 		.4byte	.LASF42
 333 01b6 01       		.byte	0x1
 334 01b7 22       		.byte	0x22
 335 01b8 00000000 		.4byte	.LFB64
 336 01bc 08000000 		.4byte	.LFE64-.LFB64
 337 01c0 01       		.uleb128 0x1
 338 01c1 9C       		.byte	0x9c
 339 01c2 E7010000 		.4byte	0x1e7
 340 01c6 12       		.uleb128 0x12
 341 01c7 6D736700 		.ascii	"msg\000"
 342 01cb 01       		.byte	0x1
 343 01cc 22       		.byte	0x22
 344 01cd E7010000 		.4byte	0x1e7
 345 01d1 00000000 		.4byte	.LLST0
 346 01d5 10       		.uleb128 0x10
 347 01d6 06000000 		.4byte	.LVL8
 348 01da 73020000 		.4byte	0x273
 349 01de 0F       		.uleb128 0xf
 350 01df 01       		.uleb128 0x1
 351 01e0 50       		.byte	0x50
 352 01e1 03       		.uleb128 0x3
 353 01e2 F3       		.byte	0xf3
 354 01e3 01       		.uleb128 0x1
 355 01e4 50       		.byte	0x50
 356 01e5 00       		.byte	0
 357 01e6 00       		.byte	0
 358 01e7 13       		.uleb128 0x13
 359 01e8 04       		.byte	0x4
 360 01e9 38010000 		.4byte	0x138
 361 01ed 14       		.uleb128 0x14
 362 01ee 3A010000 		.4byte	.LASF26
 363 01f2 05       		.byte	0x5
 364 01f3 9606     		.2byte	0x696
ARM GAS  C:\Users\fiona\AppData\Local\Temp\ccVIaRgi.s 			page 8


 365 01f5 F9010000 		.4byte	0x1f9
 366 01f9 05       		.uleb128 0x5
 367 01fa AD000000 		.4byte	0xad
 368 01fe 15       		.uleb128 0x15
 369 01ff 32010000 		.4byte	.LASF27
 370 0203 01       		.byte	0x1
 371 0204 0C       		.byte	0xc
 372 0205 E6000000 		.4byte	0xe6
 373 0209 05       		.uleb128 0x5
 374 020a 03       		.byte	0x3
 375 020b 00000000 		.4byte	voltage
 376 020f 15       		.uleb128 0x15
 377 0210 13000000 		.4byte	.LASF28
 378 0214 01       		.byte	0x1
 379 0215 0D       		.byte	0xd
 380 0216 EB000000 		.4byte	0xeb
 381 021a 05       		.uleb128 0x5
 382 021b 03       		.byte	0x3
 383 021c 00000000 		.4byte	charge
 384 0220 15       		.uleb128 0x15
 385 0221 37020000 		.4byte	.LASF29
 386 0225 01       		.byte	0x1
 387 0226 0E       		.byte	0xe
 388 0227 E6000000 		.4byte	0xe6
 389 022b 05       		.uleb128 0x5
 390 022c 03       		.byte	0x3
 391 022d 00000000 		.4byte	amps
 392 0231 16       		.uleb128 0x16
 393 0232 B5010000 		.4byte	.LASF30
 394 0236 B5010000 		.4byte	.LASF30
 395 023a 06       		.byte	0x6
 396 023b 7D       		.byte	0x7d
 397 023c 16       		.uleb128 0x16
 398 023d 00000000 		.4byte	.LASF31
 399 0241 00000000 		.4byte	.LASF31
 400 0245 07       		.byte	0x7
 401 0246 0B       		.byte	0xb
 402 0247 16       		.uleb128 0x16
 403 0248 16010000 		.4byte	.LASF32
 404 024c 16010000 		.4byte	.LASF32
 405 0250 08       		.byte	0x8
 406 0251 05       		.byte	0x5
 407 0252 16       		.uleb128 0x16
 408 0253 EB000000 		.4byte	.LASF33
 409 0257 EB000000 		.4byte	.LASF33
 410 025b 08       		.byte	0x8
 411 025c 07       		.byte	0x7
 412 025d 16       		.uleb128 0x16
 413 025e 83020000 		.4byte	.LASF34
 414 0262 83020000 		.4byte	.LASF34
 415 0266 06       		.byte	0x6
 416 0267 76       		.byte	0x76
 417 0268 16       		.uleb128 0x16
 418 0269 3C020000 		.4byte	.LASF35
 419 026d 3C020000 		.4byte	.LASF35
 420 0271 06       		.byte	0x6
 421 0272 7E       		.byte	0x7e
ARM GAS  C:\Users\fiona\AppData\Local\Temp\ccVIaRgi.s 			page 9


 422 0273 16       		.uleb128 0x16
 423 0274 47010000 		.4byte	.LASF36
 424 0278 47010000 		.4byte	.LASF36
 425 027c 07       		.byte	0x7
 426 027d 0D       		.byte	0xd
 427 027e 00       		.byte	0
 428              		.section	.debug_abbrev,"",%progbits
 429              	.Ldebug_abbrev0:
 430 0000 01       		.uleb128 0x1
 431 0001 11       		.uleb128 0x11
 432 0002 01       		.byte	0x1
 433 0003 25       		.uleb128 0x25
 434 0004 0E       		.uleb128 0xe
 435 0005 13       		.uleb128 0x13
 436 0006 0B       		.uleb128 0xb
 437 0007 03       		.uleb128 0x3
 438 0008 0E       		.uleb128 0xe
 439 0009 1B       		.uleb128 0x1b
 440 000a 0E       		.uleb128 0xe
 441 000b 55       		.uleb128 0x55
 442 000c 17       		.uleb128 0x17
 443 000d 11       		.uleb128 0x11
 444 000e 01       		.uleb128 0x1
 445 000f 10       		.uleb128 0x10
 446 0010 17       		.uleb128 0x17
 447 0011 00       		.byte	0
 448 0012 00       		.byte	0
 449 0013 02       		.uleb128 0x2
 450 0014 24       		.uleb128 0x24
 451 0015 00       		.byte	0
 452 0016 0B       		.uleb128 0xb
 453 0017 0B       		.uleb128 0xb
 454 0018 3E       		.uleb128 0x3e
 455 0019 0B       		.uleb128 0xb
 456 001a 03       		.uleb128 0x3
 457 001b 0E       		.uleb128 0xe
 458 001c 00       		.byte	0
 459 001d 00       		.byte	0
 460 001e 03       		.uleb128 0x3
 461 001f 16       		.uleb128 0x16
 462 0020 00       		.byte	0
 463 0021 03       		.uleb128 0x3
 464 0022 0E       		.uleb128 0xe
 465 0023 3A       		.uleb128 0x3a
 466 0024 0B       		.uleb128 0xb
 467 0025 3B       		.uleb128 0x3b
 468 0026 0B       		.uleb128 0xb
 469 0027 49       		.uleb128 0x49
 470 0028 13       		.uleb128 0x13
 471 0029 00       		.byte	0
 472 002a 00       		.byte	0
 473 002b 04       		.uleb128 0x4
 474 002c 24       		.uleb128 0x24
 475 002d 00       		.byte	0
 476 002e 0B       		.uleb128 0xb
 477 002f 0B       		.uleb128 0xb
 478 0030 3E       		.uleb128 0x3e
ARM GAS  C:\Users\fiona\AppData\Local\Temp\ccVIaRgi.s 			page 10


 479 0031 0B       		.uleb128 0xb
 480 0032 03       		.uleb128 0x3
 481 0033 08       		.uleb128 0x8
 482 0034 00       		.byte	0
 483 0035 00       		.byte	0
 484 0036 05       		.uleb128 0x5
 485 0037 35       		.uleb128 0x35
 486 0038 00       		.byte	0
 487 0039 49       		.uleb128 0x49
 488 003a 13       		.uleb128 0x13
 489 003b 00       		.byte	0
 490 003c 00       		.byte	0
 491 003d 06       		.uleb128 0x6
 492 003e 13       		.uleb128 0x13
 493 003f 01       		.byte	0x1
 494 0040 0B       		.uleb128 0xb
 495 0041 0B       		.uleb128 0xb
 496 0042 3A       		.uleb128 0x3a
 497 0043 0B       		.uleb128 0xb
 498 0044 3B       		.uleb128 0x3b
 499 0045 0B       		.uleb128 0xb
 500 0046 01       		.uleb128 0x1
 501 0047 13       		.uleb128 0x13
 502 0048 00       		.byte	0
 503 0049 00       		.byte	0
 504 004a 07       		.uleb128 0x7
 505 004b 0D       		.uleb128 0xd
 506 004c 00       		.byte	0
 507 004d 03       		.uleb128 0x3
 508 004e 0E       		.uleb128 0xe
 509 004f 3A       		.uleb128 0x3a
 510 0050 0B       		.uleb128 0xb
 511 0051 3B       		.uleb128 0x3b
 512 0052 0B       		.uleb128 0xb
 513 0053 49       		.uleb128 0x49
 514 0054 13       		.uleb128 0x13
 515 0055 38       		.uleb128 0x38
 516 0056 0B       		.uleb128 0xb
 517 0057 00       		.byte	0
 518 0058 00       		.byte	0
 519 0059 08       		.uleb128 0x8
 520 005a 0D       		.uleb128 0xd
 521 005b 00       		.byte	0
 522 005c 03       		.uleb128 0x3
 523 005d 08       		.uleb128 0x8
 524 005e 3A       		.uleb128 0x3a
 525 005f 0B       		.uleb128 0xb
 526 0060 3B       		.uleb128 0x3b
 527 0061 0B       		.uleb128 0xb
 528 0062 49       		.uleb128 0x49
 529 0063 13       		.uleb128 0x13
 530 0064 38       		.uleb128 0x38
 531 0065 0B       		.uleb128 0xb
 532 0066 00       		.byte	0
 533 0067 00       		.byte	0
 534 0068 09       		.uleb128 0x9
 535 0069 01       		.uleb128 0x1
ARM GAS  C:\Users\fiona\AppData\Local\Temp\ccVIaRgi.s 			page 11


 536 006a 01       		.byte	0x1
 537 006b 49       		.uleb128 0x49
 538 006c 13       		.uleb128 0x13
 539 006d 01       		.uleb128 0x1
 540 006e 13       		.uleb128 0x13
 541 006f 00       		.byte	0
 542 0070 00       		.byte	0
 543 0071 0A       		.uleb128 0xa
 544 0072 21       		.uleb128 0x21
 545 0073 00       		.byte	0
 546 0074 49       		.uleb128 0x49
 547 0075 13       		.uleb128 0x13
 548 0076 2F       		.uleb128 0x2f
 549 0077 0B       		.uleb128 0xb
 550 0078 00       		.byte	0
 551 0079 00       		.byte	0
 552 007a 0B       		.uleb128 0xb
 553 007b 2E       		.uleb128 0x2e
 554 007c 01       		.byte	0x1
 555 007d 3F       		.uleb128 0x3f
 556 007e 19       		.uleb128 0x19
 557 007f 03       		.uleb128 0x3
 558 0080 0E       		.uleb128 0xe
 559 0081 3A       		.uleb128 0x3a
 560 0082 0B       		.uleb128 0xb
 561 0083 3B       		.uleb128 0x3b
 562 0084 0B       		.uleb128 0xb
 563 0085 27       		.uleb128 0x27
 564 0086 19       		.uleb128 0x19
 565 0087 49       		.uleb128 0x49
 566 0088 13       		.uleb128 0x13
 567 0089 8701     		.uleb128 0x87
 568 008b 19       		.uleb128 0x19
 569 008c 11       		.uleb128 0x11
 570 008d 01       		.uleb128 0x1
 571 008e 12       		.uleb128 0x12
 572 008f 06       		.uleb128 0x6
 573 0090 40       		.uleb128 0x40
 574 0091 18       		.uleb128 0x18
 575 0092 9742     		.uleb128 0x2117
 576 0094 19       		.uleb128 0x19
 577 0095 01       		.uleb128 0x1
 578 0096 13       		.uleb128 0x13
 579 0097 00       		.byte	0
 580 0098 00       		.byte	0
 581 0099 0C       		.uleb128 0xc
 582 009a 34       		.uleb128 0x34
 583 009b 00       		.byte	0
 584 009c 03       		.uleb128 0x3
 585 009d 0E       		.uleb128 0xe
 586 009e 3A       		.uleb128 0x3a
 587 009f 0B       		.uleb128 0xb
 588 00a0 3B       		.uleb128 0x3b
 589 00a1 0B       		.uleb128 0xb
 590 00a2 49       		.uleb128 0x49
 591 00a3 13       		.uleb128 0x13
 592 00a4 02       		.uleb128 0x2
ARM GAS  C:\Users\fiona\AppData\Local\Temp\ccVIaRgi.s 			page 12


 593 00a5 18       		.uleb128 0x18
 594 00a6 00       		.byte	0
 595 00a7 00       		.byte	0
 596 00a8 0D       		.uleb128 0xd
 597 00a9 898201   		.uleb128 0x4109
 598 00ac 00       		.byte	0
 599 00ad 11       		.uleb128 0x11
 600 00ae 01       		.uleb128 0x1
 601 00af 31       		.uleb128 0x31
 602 00b0 13       		.uleb128 0x13
 603 00b1 00       		.byte	0
 604 00b2 00       		.byte	0
 605 00b3 0E       		.uleb128 0xe
 606 00b4 898201   		.uleb128 0x4109
 607 00b7 01       		.byte	0x1
 608 00b8 11       		.uleb128 0x11
 609 00b9 01       		.uleb128 0x1
 610 00ba 31       		.uleb128 0x31
 611 00bb 13       		.uleb128 0x13
 612 00bc 01       		.uleb128 0x1
 613 00bd 13       		.uleb128 0x13
 614 00be 00       		.byte	0
 615 00bf 00       		.byte	0
 616 00c0 0F       		.uleb128 0xf
 617 00c1 8A8201   		.uleb128 0x410a
 618 00c4 00       		.byte	0
 619 00c5 02       		.uleb128 0x2
 620 00c6 18       		.uleb128 0x18
 621 00c7 9142     		.uleb128 0x2111
 622 00c9 18       		.uleb128 0x18
 623 00ca 00       		.byte	0
 624 00cb 00       		.byte	0
 625 00cc 10       		.uleb128 0x10
 626 00cd 898201   		.uleb128 0x4109
 627 00d0 01       		.byte	0x1
 628 00d1 11       		.uleb128 0x11
 629 00d2 01       		.uleb128 0x1
 630 00d3 31       		.uleb128 0x31
 631 00d4 13       		.uleb128 0x13
 632 00d5 00       		.byte	0
 633 00d6 00       		.byte	0
 634 00d7 11       		.uleb128 0x11
 635 00d8 2E       		.uleb128 0x2e
 636 00d9 01       		.byte	0x1
 637 00da 3F       		.uleb128 0x3f
 638 00db 19       		.uleb128 0x19
 639 00dc 03       		.uleb128 0x3
 640 00dd 0E       		.uleb128 0xe
 641 00de 3A       		.uleb128 0x3a
 642 00df 0B       		.uleb128 0xb
 643 00e0 3B       		.uleb128 0x3b
 644 00e1 0B       		.uleb128 0xb
 645 00e2 27       		.uleb128 0x27
 646 00e3 19       		.uleb128 0x19
 647 00e4 11       		.uleb128 0x11
 648 00e5 01       		.uleb128 0x1
 649 00e6 12       		.uleb128 0x12
ARM GAS  C:\Users\fiona\AppData\Local\Temp\ccVIaRgi.s 			page 13


 650 00e7 06       		.uleb128 0x6
 651 00e8 40       		.uleb128 0x40
 652 00e9 18       		.uleb128 0x18
 653 00ea 9742     		.uleb128 0x2117
 654 00ec 19       		.uleb128 0x19
 655 00ed 01       		.uleb128 0x1
 656 00ee 13       		.uleb128 0x13
 657 00ef 00       		.byte	0
 658 00f0 00       		.byte	0
 659 00f1 12       		.uleb128 0x12
 660 00f2 05       		.uleb128 0x5
 661 00f3 00       		.byte	0
 662 00f4 03       		.uleb128 0x3
 663 00f5 08       		.uleb128 0x8
 664 00f6 3A       		.uleb128 0x3a
 665 00f7 0B       		.uleb128 0xb
 666 00f8 3B       		.uleb128 0x3b
 667 00f9 0B       		.uleb128 0xb
 668 00fa 49       		.uleb128 0x49
 669 00fb 13       		.uleb128 0x13
 670 00fc 02       		.uleb128 0x2
 671 00fd 17       		.uleb128 0x17
 672 00fe 00       		.byte	0
 673 00ff 00       		.byte	0
 674 0100 13       		.uleb128 0x13
 675 0101 0F       		.uleb128 0xf
 676 0102 00       		.byte	0
 677 0103 0B       		.uleb128 0xb
 678 0104 0B       		.uleb128 0xb
 679 0105 49       		.uleb128 0x49
 680 0106 13       		.uleb128 0x13
 681 0107 00       		.byte	0
 682 0108 00       		.byte	0
 683 0109 14       		.uleb128 0x14
 684 010a 34       		.uleb128 0x34
 685 010b 00       		.byte	0
 686 010c 03       		.uleb128 0x3
 687 010d 0E       		.uleb128 0xe
 688 010e 3A       		.uleb128 0x3a
 689 010f 0B       		.uleb128 0xb
 690 0110 3B       		.uleb128 0x3b
 691 0111 05       		.uleb128 0x5
 692 0112 49       		.uleb128 0x49
 693 0113 13       		.uleb128 0x13
 694 0114 3F       		.uleb128 0x3f
 695 0115 19       		.uleb128 0x19
 696 0116 3C       		.uleb128 0x3c
 697 0117 19       		.uleb128 0x19
 698 0118 00       		.byte	0
 699 0119 00       		.byte	0
 700 011a 15       		.uleb128 0x15
 701 011b 34       		.uleb128 0x34
 702 011c 00       		.byte	0
 703 011d 03       		.uleb128 0x3
 704 011e 0E       		.uleb128 0xe
 705 011f 3A       		.uleb128 0x3a
 706 0120 0B       		.uleb128 0xb
ARM GAS  C:\Users\fiona\AppData\Local\Temp\ccVIaRgi.s 			page 14


 707 0121 3B       		.uleb128 0x3b
 708 0122 0B       		.uleb128 0xb
 709 0123 49       		.uleb128 0x49
 710 0124 13       		.uleb128 0x13
 711 0125 3F       		.uleb128 0x3f
 712 0126 19       		.uleb128 0x19
 713 0127 02       		.uleb128 0x2
 714 0128 18       		.uleb128 0x18
 715 0129 00       		.byte	0
 716 012a 00       		.byte	0
 717 012b 16       		.uleb128 0x16
 718 012c 2E       		.uleb128 0x2e
 719 012d 00       		.byte	0
 720 012e 3F       		.uleb128 0x3f
 721 012f 19       		.uleb128 0x19
 722 0130 3C       		.uleb128 0x3c
 723 0131 19       		.uleb128 0x19
 724 0132 6E       		.uleb128 0x6e
 725 0133 0E       		.uleb128 0xe
 726 0134 03       		.uleb128 0x3
 727 0135 0E       		.uleb128 0xe
 728 0136 3A       		.uleb128 0x3a
 729 0137 0B       		.uleb128 0xb
 730 0138 3B       		.uleb128 0x3b
 731 0139 0B       		.uleb128 0xb
 732 013a 00       		.byte	0
 733 013b 00       		.byte	0
 734 013c 00       		.byte	0
 735              		.section	.debug_loc,"",%progbits
 736              	.Ldebug_loc0:
 737              	.LLST0:
 738 0000 00000000 		.4byte	.LVL7
 739 0004 05000000 		.4byte	.LVL8-1
 740 0008 0100     		.2byte	0x1
 741 000a 50       		.byte	0x50
 742 000b 05000000 		.4byte	.LVL8-1
 743 000f 08000000 		.4byte	.LFE64
 744 0013 0400     		.2byte	0x4
 745 0015 F3       		.byte	0xf3
 746 0016 01       		.uleb128 0x1
 747 0017 50       		.byte	0x50
 748 0018 9F       		.byte	0x9f
 749 0019 00000000 		.4byte	0
 750 001d 00000000 		.4byte	0
 751              		.section	.debug_aranges,"",%progbits
 752 0000 24000000 		.4byte	0x24
 753 0004 0200     		.2byte	0x2
 754 0006 00000000 		.4byte	.Ldebug_info0
 755 000a 04       		.byte	0x4
 756 000b 00       		.byte	0
 757 000c 0000     		.2byte	0
 758 000e 0000     		.2byte	0
 759 0010 00000000 		.4byte	.LFB63
 760 0014 24000000 		.4byte	.LFE63-.LFB63
 761 0018 00000000 		.4byte	.LFB64
 762 001c 08000000 		.4byte	.LFE64-.LFB64
 763 0020 00000000 		.4byte	0
ARM GAS  C:\Users\fiona\AppData\Local\Temp\ccVIaRgi.s 			page 15


 764 0024 00000000 		.4byte	0
 765              		.section	.debug_ranges,"",%progbits
 766              	.Ldebug_ranges0:
 767 0000 00000000 		.4byte	.LFB63
 768 0004 24000000 		.4byte	.LFE63
 769 0008 00000000 		.4byte	.LFB64
 770 000c 08000000 		.4byte	.LFE64
 771 0010 00000000 		.4byte	0
 772 0014 00000000 		.4byte	0
 773              		.section	.debug_line,"",%progbits
 774              	.Ldebug_line0:
 775 0000 A2010000 		.section	.debug_str,"MS",%progbits,1
 775      02007601 
 775      00000201 
 775      FB0E0D00 
 775      01010101 
 776              	.LASF31:
 777 0000 63616E5F 		.ascii	"can_init\000"
 777      696E6974 
 777      00
 778              	.LASF3:
 779 0009 5F5F7569 		.ascii	"__uint8_t\000"
 779      6E74385F 
 779      7400
 780              	.LASF28:
 781 0013 63686172 		.ascii	"charge\000"
 781      676500
 782              	.LASF6:
 783 001a 5F5F696E 		.ascii	"__int32_t\000"
 783      7433325F 
 783      7400
 784              	.LASF42:
 785 0024 6D73675F 		.ascii	"msg_recieve\000"
 785      72656369 
 785      65766500 
 786              	.LASF18:
 787 0030 646F7562 		.ascii	"double\000"
 787      6C6500
 788              	.LASF22:
 789 0037 6D696C6C 		.ascii	"millicounter\000"
 789      69636F75 
 789      6E746572 
 789      00
 790              	.LASF17:
 791 0044 666C6F61 		.ascii	"float\000"
 791      7400
 792              	.LASF24:
 793 004a 64617461 		.ascii	"data\000"
 793      00
 794              	.LASF1:
 795 004f 756E7369 		.ascii	"unsigned char\000"
 795      676E6564 
 795      20636861 
 795      7200
 796              	.LASF37:
 797 005d 474E5520 		.ascii	"GNU C11 5.4.1 20160609 (release) [ARM/embedded-5-br"
 797      43313120 
ARM GAS  C:\Users\fiona\AppData\Local\Temp\ccVIaRgi.s 			page 16


 797      352E342E 
 797      31203230 
 797      31363036 
 798 0090 616E6368 		.ascii	"anch revision 237715] -mcpu=cortex-m3 -mthumb -g -O"
 798      20726576 
 798      6973696F 
 798      6E203233 
 798      37373135 
 799 00c3 67202D66 		.ascii	"g -ffunction-sections -ffat-lto-objects\000"
 799      66756E63 
 799      74696F6E 
 799      2D736563 
 799      74696F6E 
 800              	.LASF33:
 801 00eb 6C63645F 		.ascii	"lcd_print_bms\000"
 801      7072696E 
 801      745F626D 
 801      7300
 802              	.LASF8:
 803 00f9 5F5F7569 		.ascii	"__uint32_t\000"
 803      6E743332 
 803      5F7400
 804              	.LASF9:
 805 0104 6C6F6E67 		.ascii	"long unsigned int\000"
 805      20756E73 
 805      69676E65 
 805      6420696E 
 805      7400
 806              	.LASF32:
 807 0116 6C63645F 		.ascii	"lcd_init\000"
 807      696E6974 
 807      00
 808              	.LASF5:
 809 011f 73686F72 		.ascii	"short unsigned int\000"
 809      7420756E 
 809      7369676E 
 809      65642069 
 809      6E7400
 810              	.LASF27:
 811 0132 766F6C74 		.ascii	"voltage\000"
 811      61676500 
 812              	.LASF26:
 813 013a 49544D5F 		.ascii	"ITM_RxBuffer\000"
 813      52784275 
 813      66666572 
 813      00
 814              	.LASF36:
 815 0147 63616E5F 		.ascii	"can_process\000"
 815      70726F63 
 815      65737300 
 816              	.LASF4:
 817 0153 5F5F7569 		.ascii	"__uint16_t\000"
 817      6E743136 
 817      5F7400
 818              	.LASF39:
 819 015e 433A5C4E 		.ascii	"C:\\Node-Rhinosaurous\\Node-Rhinoceros\\Node-Rhinoc"
 819      6F64652D 
ARM GAS  C:\Users\fiona\AppData\Local\Temp\ccVIaRgi.s 			page 17


 819      5268696E 
 819      6F736175 
 819      726F7573 
 820 018e 65726F73 		.ascii	"eros.cydsn\000"
 820      2E637964 
 820      736E00
 821              	.LASF2:
 822 0199 73686F72 		.ascii	"short int\000"
 822      7420696E 
 822      7400
 823              	.LASF41:
 824 01a3 61746F6D 		.ascii	"atomic_state\000"
 824      69635F73 
 824      74617465 
 824      00
 825              	.LASF40:
 826 01b0 6D61696E 		.ascii	"main\000"
 826      00
 827              	.LASF30:
 828 01b5 4379456E 		.ascii	"CyEnterCriticalSection\000"
 828      74657243 
 828      72697469 
 828      63616C53 
 828      65637469 
 829              	.LASF12:
 830 01cc 756E7369 		.ascii	"unsigned int\000"
 830      676E6564 
 830      20696E74 
 830      00
 831              	.LASF25:
 832 01d9 44617461 		.ascii	"DataPacket\000"
 832      5061636B 
 832      657400
 833              	.LASF11:
 834 01e4 6C6F6E67 		.ascii	"long long unsigned int\000"
 834      206C6F6E 
 834      6720756E 
 834      7369676E 
 834      65642069 
 835              	.LASF13:
 836 01fb 75696E74 		.ascii	"uint8_t\000"
 836      385F7400 
 837              	.LASF15:
 838 0203 696E7433 		.ascii	"int32_t\000"
 838      325F7400 
 839              	.LASF21:
 840 020b 73697A65 		.ascii	"sizetype\000"
 840      74797065 
 840      00
 841              	.LASF10:
 842 0214 6C6F6E67 		.ascii	"long long int\000"
 842      206C6F6E 
 842      6720696E 
 842      7400
 843              	.LASF38:
 844 0222 6D61696E 		.ascii	"main.c\000"
 844      2E6300
ARM GAS  C:\Users\fiona\AppData\Local\Temp\ccVIaRgi.s 			page 18


 845              	.LASF19:
 846 0229 63686172 		.ascii	"char\000"
 846      00
 847              	.LASF14:
 848 022e 75696E74 		.ascii	"uint16_t\000"
 848      31365F74 
 848      00
 849              	.LASF29:
 850 0237 616D7073 		.ascii	"amps\000"
 850      00
 851              	.LASF35:
 852 023c 43794578 		.ascii	"CyExitCriticalSection\000"
 852      69744372 
 852      69746963 
 852      616C5365 
 852      6374696F 
 853              	.LASF16:
 854 0252 75696E74 		.ascii	"uint32_t\000"
 854      33325F74 
 854      00
 855              	.LASF7:
 856 025b 6C6F6E67 		.ascii	"long int\000"
 856      20696E74 
 856      00
 857              	.LASF20:
 858 0264 6C6F6E67 		.ascii	"long double\000"
 858      20646F75 
 858      626C6500 
 859              	.LASF0:
 860 0270 7369676E 		.ascii	"signed char\000"
 860      65642063 
 860      68617200 
 861              	.LASF23:
 862 027c 6C656E67 		.ascii	"length\000"
 862      746800
 863              	.LASF34:
 864 0283 43794465 		.ascii	"CyDelay\000"
 864      6C617900 
 865              		.ident	"GCC: (GNU Tools for ARM Embedded Processors) 5.4.1 20160609 (release) [ARM/embedded-5-bran
