--------------- Build Started: 07/27/2019 16:57:10 Project: Node-Rhinoceros, Configuration: ARM GCC 5.4-2016-q2-update Debug ---------------
The code generation step is up to date.
arm-none-eabi-gcc.exe -mcpu=cortex-m3 -mthumb -I. -IGenerated_Source\PSoC5 -Wa,-alh=.\CortexM3\ARM_GCC_541\Debug/main.lst -g -D DEBUG -Wall -ffunction-sections -ffat-lto-objects -Og -c main.c -o .\CortexM3\ARM_GCC_541\Debug\main.o
arm-none-eabi-gcc.exe -mcpu=cortex-m3 -mthumb -I. -IGenerated_Source\PSoC5 -Wa,-alh=.\CortexM3\ARM_GCC_541\Debug/can_manager.lst -g -D DEBUG -Wall -ffunction-sections -ffat-lto-objects -Og -c can_manager.c -o .\CortexM3\ARM_GCC_541\Debug\can_manager.o
can_manager.c: In function 'can_test_receive':
can_manager.c:300:13: warning: variable 'test_msg' set but not used [-Wunused-but-set-variable]
  DataPacket test_msg;
             ^
arm-none-eabi-gcc.exe -mcpu=cortex-m3 -mthumb -I. -IGenerated_Source\PSoC5 -Wa,-alh=.\CortexM3\ARM_GCC_541\Debug/CAN_TX_RX_func.lst -g -D DEBUG -Wall -ffunction-sections -ffat-lto-objects -Og -c Generated_Source\PSoC5\CAN_TX_RX_func.c -o .\CortexM3\ARM_GCC_541\Debug\CAN_TX_RX_func.o
arm-none-eabi-ar.exe -rs .\CortexM3\ARM_GCC_541\Debug\Node-Rhinoceros.a .\CortexM3\ARM_GCC_541\Debug\Rx_1.o .\CortexM3\ARM_GCC_541\Debug\Tx_1.o .\CortexM3\ARM_GCC_541\Debug\CyDmac.o .\CortexM3\ARM_GCC_541\Debug\CyFlash.o .\CortexM3\ARM_GCC_541\Debug\CyLib.o .\CortexM3\ARM_GCC_541\Debug\cyPm.o .\CortexM3\ARM_GCC_541\Debug\CySpc.o .\CortexM3\ARM_GCC_541\Debug\cyutils.o .\CortexM3\ARM_GCC_541\Debug\LCD.o .\CortexM3\ARM_GCC_541\Debug\LCD_PM.o .\CortexM3\ARM_GCC_541\Debug\LCD_LCDPort.o .\CortexM3\ARM_GCC_541\Debug\CAN.o .\CortexM3\ARM_GCC_541\Debug\CAN_INT.o .\CortexM3\ARM_GCC_541\Debug\CAN_PM.o .\CortexM3\ARM_GCC_541\Debug\CAN_TX_RX_func.o .\CortexM3\ARM_GCC_541\Debug\cy_em_eeprom.o .\CortexM3\ARM_GCC_541\Debug\CyBootAsmGnu.o
arm-none-eabi-ar.exe: creating .\CortexM3\ARM_GCC_541\Debug\Node-Rhinoceros.a
arm-none-eabi-gcc.exe -Wl,--start-group -o C:\Node-Rhinosaurous\Node-Rhinoceros\Node-Rhinoceros.cydsn\CortexM3\ARM_GCC_541\Debug\Node-Rhinoceros.elf .\CortexM3\ARM_GCC_541\Debug\main.o .\CortexM3\ARM_GCC_541\Debug\can_manager.o .\CortexM3\ARM_GCC_541\Debug\lcd_manager.o .\CortexM3\ARM_GCC_541\Debug\cyfitter_cfg.o .\CortexM3\ARM_GCC_541\Debug\cymetadata.o .\CortexM3\ARM_GCC_541\Debug\Cm3Start.o .\CortexM3\ARM_GCC_541\Debug\Node-Rhinoceros.a "C:\Program Files (x86)\Cypress\PSoC Creator\4.2\PSoC Creator\psoc\content\cycomponentlibrary\CyComponentLibrary.cylib\CortexM3\ARM_GCC_541\Debug\CyComponentLibrary.a" -mcpu=cortex-m3 -mthumb -L Generated_Source\PSoC5 -Wl,-Map,.\CortexM3\ARM_GCC_541\Debug/Node-Rhinoceros.map -T Generated_Source\PSoC5\cm3gcc.ld -specs=nano.specs -Wl,--gc-sections -g -ffunction-sections -Og -ffat-lto-objects -Wl,--end-group
cyelftool.exe -C C:\Node-Rhinosaurous\Node-Rhinoceros\Node-Rhinoceros.cydsn\CortexM3\ARM_GCC_541\Debug\Node-Rhinoceros.elf --flash_row_size 256 --flash_size 262144 --flash_offset 0x00000000
No ELF section .cychecksum found, creating one
Application checksum calculated and stored in ELF section .cychecksum
Checksum calculated and stored in ELF section .cymeta
cyelftool.exe -S C:\Node-Rhinosaurous\Node-Rhinoceros\Node-Rhinoceros.cydsn\CortexM3\ARM_GCC_541\Debug\Node-Rhinoceros.elf
Flash used: 8096 of 262144 bytes (3.1%).
SRAM used: 3609 of 65536 bytes (5.5%). Stack: 2048 bytes. Heap: 128 bytes.
--------------- Build Succeeded: 07/27/2019 16:57:13 ---------------
